<?xml version="1.0" encoding="UTF-8"?>
<testsuite name="junitsample.service.CartServicetTest" tests="4" failures="0" errors="0" timestamp="2014-07-10T09:41:22" hostname="terabyte" time="5.023">
  <properties/>
  <testcase name="testカートの明細が１件のときに注文すると明細１件の注文を返すべき" classname="junitsample.service.CartServicetTest" time="2.159"/>
  <testcase name="testカート明細が０件のときに注文するとApplicationExceptionが発生するべき" classname="junitsample.service.CartServicetTest" time="0.881"/>
  <testcase name="testカート明細が０件のときにカート明細存在チェックがfalseを返すべき" classname="junitsample.service.CartServicetTest" time="0.945"/>
  <testcase name="testカート明細が1件のときにカート明細存在チェックがtrueを返すべき" classname="junitsample.service.CartServicetTest" time="1.034"/>
  <system-out><![CDATA[]]></system-out>
  <system-err><![CDATA[7 10, 2014 6:41:23 午後 org.springframework.beans.factory.xml.XmlBeanDefinitionReader loadBeanDefinitions
情報: Loading XML bean definitions from class path resource [applicationContext.xml]
7 10, 2014 6:41:23 午後 org.springframework.context.support.AbstractApplicationContext prepareRefresh
情報: Refreshing org.springframework.context.support.GenericApplicationContext@75baec8e: startup date [Thu Jul 10 18:41:23 JST 2014]; root of context hierarchy
7 10, 2014 6:41:23 午後 org.springframework.core.io.support.PropertiesLoaderSupport loadProperties
情報: Loading properties file from class path resource [jdbc.properties]
7 10, 2014 6:41:23 午後 org.springframework.jdbc.datasource.DriverManagerDataSource setDriverClassName
情報: Loaded JDBC driver: org.h2.Driver
7 10, 2014 6:41:23 午後 org.springframework.beans.factory.xml.XmlBeanDefinitionReader loadBeanDefinitions
情報: Loading XML bean definitions from class path resource [org/springframework/jdbc/support/sql-error-codes.xml]
7 10, 2014 6:41:23 午後 org.springframework.jdbc.support.SQLErrorCodesFactory <init>
情報: SQLErrorCodes loaded: [DB2, Derby, H2, HSQL, Informix, MS-SQL, MySQL, Oracle, PostgreSQL, Sybase]
]]></system-err>
</testsuite>
